[INFO ][20170225 16:08:43,611][AbstractApplicationContext:573] Refreshing org.springframework.context.support.ClassPathXmlApplicationContext@52d7373f: startup date [Sat Feb 25 16:08:43 CST 2017]; root of context hierarchy
[INFO ][20170225 16:08:43,650][XmlBeanDefinitionReader:317] Loading XML bean definitions from class path resource [spring/spring-context.xml]
[INFO ][20170225 16:08:43,831][XmlBeanDefinitionReader:317] Loading XML bean definitions from class path resource [spring/spring-mq.xml]
[INFO ][20170225 16:08:43,859][DefaultListableBeanFactory:839] Overriding bean definition for bean 'consumerSessionAwareMessageListener' with a different definition: replacing [Generic bean: class [cn.xuxianda.listener.ConsumerSessionAwareMessageListener]; scope=singleton; abstract=false; lazyInit=false; autowireMode=1; dependencyCheck=0; autowireCandidate=true; primary=false; factoryBeanName=null; factoryMethodName=null; initMethodName=null; destroyMethodName=null; defined in file [D:\important\githubRepository\DUBBO\activemq-consumer\target\classes\cn\xuxianda\listener\ConsumerSessionAwareMessageListener.class]] with [Generic bean: class [cn.xuxianda.listener.ConsumerSessionAwareMessageListener]; scope=; abstract=false; lazyInit=false; autowireMode=1; dependencyCheck=0; autowireCandidate=true; primary=false; factoryBeanName=null; factoryMethodName=null; initMethodName=null; destroyMethodName=null; defined in class path resource [spring/spring-mq.xml]]
[INFO ][20170225 16:08:43,861][XmlBeanDefinitionReader:317] Loading XML bean definitions from class path resource [spring/spring-mail.xml]
[INFO ][20170225 16:08:43,995][PropertiesLoaderSupport:172] Loading properties file from class path resource [mq.properties]
[INFO ][20170225 16:08:43,995][PropertiesLoaderSupport:172] Loading properties file from class path resource [mail.properties]
[INFO ][20170225 16:08:44,102][ExecutorConfigurationSupport:165] Initializing ExecutorService  'threadPool'
[INFO ][20170225 16:08:44,222][DefaultLifecycleProcessor$LifecycleGroup:341] Starting beans in phase 2147483647
[INFO ][20170225 16:08:44,383][SingleConnectionFactory:311] Established shared JMS Connection: PooledConnection { ConnectionPool[ActiveMQConnection {id=ID:DESKTOP-A98DQ99-60458-1488010124273-1:1,clientId=null,started=false}] }
[INFO ][20170225 16:08:44,398][DefaultLifecycleProcessor$LifecycleGroup:341] Starting beans in phase 2147483647
[INFO ][20170225 16:08:44,465][ConsumerSessionAwareMessageListener:38] ==>receive message:{"content":"通过ActiveMQ异步发送邮件！","subject":"ActiveMQ测试","to":"1114186632@qq.com"}
[INFO ][20170225 16:08:44,528][ConsumerSessionAwareMessageListener:38] ==>receive message:{"content":"通过ActiveMQ异步发送邮件！","subject":"ActiveMQ测试","to":"1114186632@qq.com"}
[INFO ][20170225 16:08:44,528][ConsumerSessionAwareMessageListener:38] ==>receive message:{"content":"通过ActiveMQ异步发送邮件！","subject":"ActiveMQ测试","to":"1114186632@qq.com"}
[INFO ][20170225 16:12:46,622][ConsumerSessionAwareMessageListener:38] ==>receive message:{"content":"通过ActiveMQ异步发送邮件！","subject":"ActiveMQ测试","to":"1114186632@qq.com"}
[INFO ][20170225 16:13:11,229][AbstractApplicationContext:573] Refreshing org.springframework.context.support.ClassPathXmlApplicationContext@52d7373f: startup date [Sat Feb 25 16:13:11 CST 2017]; root of context hierarchy
[INFO ][20170225 16:13:11,268][XmlBeanDefinitionReader:317] Loading XML bean definitions from class path resource [spring/spring-context.xml]
[INFO ][20170225 16:13:11,444][XmlBeanDefinitionReader:317] Loading XML bean definitions from class path resource [spring/spring-mq.xml]
[INFO ][20170225 16:13:11,468][DefaultListableBeanFactory:839] Overriding bean definition for bean 'consumerSessionAwareMessageListener' with a different definition: replacing [Generic bean: class [cn.xuxianda.listener.ConsumerSessionAwareMessageListener]; scope=singleton; abstract=false; lazyInit=false; autowireMode=1; dependencyCheck=0; autowireCandidate=true; primary=false; factoryBeanName=null; factoryMethodName=null; initMethodName=null; destroyMethodName=null; defined in file [D:\important\githubRepository\DUBBO\activemq-consumer\target\classes\cn\xuxianda\listener\ConsumerSessionAwareMessageListener.class]] with [Generic bean: class [cn.xuxianda.listener.ConsumerSessionAwareMessageListener]; scope=; abstract=false; lazyInit=false; autowireMode=1; dependencyCheck=0; autowireCandidate=true; primary=false; factoryBeanName=null; factoryMethodName=null; initMethodName=null; destroyMethodName=null; defined in class path resource [spring/spring-mq.xml]]
[INFO ][20170225 16:13:11,472][XmlBeanDefinitionReader:317] Loading XML bean definitions from class path resource [spring/spring-mail.xml]
[INFO ][20170225 16:13:11,597][PropertiesLoaderSupport:172] Loading properties file from class path resource [mq.properties]
[INFO ][20170225 16:13:11,597][PropertiesLoaderSupport:172] Loading properties file from class path resource [mail.properties]
[INFO ][20170225 16:13:11,714][ExecutorConfigurationSupport:165] Initializing ExecutorService  'threadPool'
[INFO ][20170225 16:13:11,839][DefaultLifecycleProcessor$LifecycleGroup:341] Starting beans in phase 2147483647
[INFO ][20170225 16:13:11,996][SingleConnectionFactory:311] Established shared JMS Connection: PooledConnection { ConnectionPool[ActiveMQConnection {id=ID:DESKTOP-A98DQ99-60518-1488010391886-1:1,clientId=null,started=false}] }
[INFO ][20170225 16:13:12,012][DefaultLifecycleProcessor$LifecycleGroup:341] Starting beans in phase 2147483647
[INFO ][20170225 16:13:12,063][ConsumerSessionAwareMessageListener:38] ==>receive message:{"content":"通过ActiveMQ异步发送邮件！","subject":"ActiveMQ测试","to":"1114186632@qq.com"}
[INFO ][20170225 16:13:27,509][ConsumerSessionAwareMessageListener:38] ==>receive message:{"content":"通过ActiveMQ异步发送邮件！","subject":"ActiveMQ测试","to":"1114186632@qq.com"}
[INFO ][20170225 16:14:28,983][AbstractApplicationContext:573] Refreshing org.springframework.context.support.ClassPathXmlApplicationContext@70d1da68: startup date [Sat Feb 25 16:14:28 CST 2017]; root of context hierarchy
[INFO ][20170225 16:14:29,063][XmlBeanDefinitionReader:317] Loading XML bean definitions from class path resource [spring/spring-context.xml]
[INFO ][20170225 16:14:29,515][XmlBeanDefinitionReader:317] Loading XML bean definitions from class path resource [spring/spring-mq.xml]
[INFO ][20170225 16:14:29,619][DefaultListableBeanFactory:839] Overriding bean definition for bean 'consumerSessionAwareMessageListener' with a different definition: replacing [Generic bean: class [cn.xuxianda.listener.ConsumerSessionAwareMessageListener]; scope=singleton; abstract=false; lazyInit=false; autowireMode=1; dependencyCheck=0; autowireCandidate=true; primary=false; factoryBeanName=null; factoryMethodName=null; initMethodName=null; destroyMethodName=null; defined in file [D:\important\githubRepository\DUBBO\activemq-consumer\target\classes\cn\xuxianda\listener\ConsumerSessionAwareMessageListener.class]] with [Generic bean: class [cn.xuxianda.listener.ConsumerSessionAwareMessageListener]; scope=; abstract=false; lazyInit=false; autowireMode=1; dependencyCheck=0; autowireCandidate=true; primary=false; factoryBeanName=null; factoryMethodName=null; initMethodName=null; destroyMethodName=null; defined in class path resource [spring/spring-mq.xml]]
[INFO ][20170225 16:14:29,624][XmlBeanDefinitionReader:317] Loading XML bean definitions from class path resource [spring/spring-mail.xml]
[INFO ][20170225 16:14:30,013][PropertiesLoaderSupport:172] Loading properties file from class path resource [mq.properties]
[INFO ][20170225 16:14:30,015][PropertiesLoaderSupport:172] Loading properties file from class path resource [mail.properties]
[INFO ][20170225 16:14:30,383][ExecutorConfigurationSupport:165] Initializing ExecutorService  'threadPool'
[INFO ][20170225 16:14:31,052][DefaultLifecycleProcessor$LifecycleGroup:341] Starting beans in phase 2147483647
[INFO ][20170225 16:14:31,302][SingleConnectionFactory:311] Established shared JMS Connection: PooledConnection { ConnectionPool[ActiveMQConnection {id=ID:DESKTOP-A98DQ99-60537-1488010471178-1:1,clientId=null,started=false}] }
[INFO ][20170225 16:14:38,369][DefaultLifecycleProcessor$LifecycleGroup:341] Starting beans in phase 2147483647
[INFO ][20170225 16:14:47,944][ConsumerSessionAwareMessageListener:38] ==>receive message:{"content":"通过ActiveMQ异步发送邮件！","subject":"ActiveMQ测试","to":"1114186632@qq.com"}
[INFO ][20170225 16:20:49,405][AbstractApplicationContext:573] Refreshing org.springframework.context.support.ClassPathXmlApplicationContext@2047efe7: startup date [Sat Feb 25 16:20:49 CST 2017]; root of context hierarchy
[INFO ][20170225 16:20:49,444][XmlBeanDefinitionReader:317] Loading XML bean definitions from class path resource [spring/spring-context.xml]
[INFO ][20170225 16:20:49,632][XmlBeanDefinitionReader:317] Loading XML bean definitions from class path resource [spring/spring-mq.xml]
[INFO ][20170225 16:20:49,663][DefaultListableBeanFactory:839] Overriding bean definition for bean 'consumerSessionAwareMessageListener' with a different definition: replacing [Generic bean: class [cn.xuxianda.listener.ConsumerSessionAwareMessageListener]; scope=singleton; abstract=false; lazyInit=false; autowireMode=1; dependencyCheck=0; autowireCandidate=true; primary=false; factoryBeanName=null; factoryMethodName=null; initMethodName=null; destroyMethodName=null; defined in file [D:\important\githubRepository\DUBBO\activemq-consumer\target\classes\cn\xuxianda\listener\ConsumerSessionAwareMessageListener.class]] with [Generic bean: class [cn.xuxianda.listener.ConsumerSessionAwareMessageListener]; scope=; abstract=false; lazyInit=false; autowireMode=1; dependencyCheck=0; autowireCandidate=true; primary=false; factoryBeanName=null; factoryMethodName=null; initMethodName=null; destroyMethodName=null; defined in class path resource [spring/spring-mq.xml]]
[INFO ][20170225 16:20:49,667][XmlBeanDefinitionReader:317] Loading XML bean definitions from class path resource [spring/spring-mail.xml]
[INFO ][20170225 16:20:49,804][PropertiesLoaderSupport:172] Loading properties file from class path resource [mq.properties]
[INFO ][20170225 16:20:49,804][PropertiesLoaderSupport:172] Loading properties file from class path resource [mail.properties]
[INFO ][20170225 16:20:49,922][ExecutorConfigurationSupport:165] Initializing ExecutorService  'threadPool'
[INFO ][20170225 16:20:50,055][DefaultLifecycleProcessor$LifecycleGroup:341] Starting beans in phase 2147483647
[INFO ][20170225 16:20:50,216][SingleConnectionFactory:311] Established shared JMS Connection: PooledConnection { ConnectionPool[ActiveMQConnection {id=ID:DESKTOP-A98DQ99-50318-1488010850106-1:1,clientId=null,started=false}] }
[INFO ][20170225 16:20:50,259][DefaultLifecycleProcessor$LifecycleGroup:341] Starting beans in phase 2147483647
[INFO ][20170225 16:21:02,990][ConsumerSessionAwareMessageListener:38] ==>receive message:{"content":"通过ActiveMQ异步发送邮件！","subject":"ActiveMQ测试","to":"1114186632@qq.com"}
[INFO ][20170225 16:21:36,082][AbstractApplicationContext:573] Refreshing org.springframework.context.support.ClassPathXmlApplicationContext@3c3cebf1: startup date [Sat Feb 25 16:21:36 CST 2017]; root of context hierarchy
[INFO ][20170225 16:21:36,179][XmlBeanDefinitionReader:317] Loading XML bean definitions from class path resource [spring/spring-context.xml]
[INFO ][20170225 16:21:36,718][XmlBeanDefinitionReader:317] Loading XML bean definitions from class path resource [spring/spring-mq.xml]
[INFO ][20170225 16:21:36,835][DefaultListableBeanFactory:839] Overriding bean definition for bean 'consumerSessionAwareMessageListener' with a different definition: replacing [Generic bean: class [cn.xuxianda.listener.ConsumerSessionAwareMessageListener]; scope=singleton; abstract=false; lazyInit=false; autowireMode=1; dependencyCheck=0; autowireCandidate=true; primary=false; factoryBeanName=null; factoryMethodName=null; initMethodName=null; destroyMethodName=null; defined in file [D:\important\githubRepository\DUBBO\activemq-consumer\target\classes\cn\xuxianda\listener\ConsumerSessionAwareMessageListener.class]] with [Generic bean: class [cn.xuxianda.listener.ConsumerSessionAwareMessageListener]; scope=; abstract=false; lazyInit=false; autowireMode=1; dependencyCheck=0; autowireCandidate=true; primary=false; factoryBeanName=null; factoryMethodName=null; initMethodName=null; destroyMethodName=null; defined in class path resource [spring/spring-mq.xml]]
[INFO ][20170225 16:21:36,839][XmlBeanDefinitionReader:317] Loading XML bean definitions from class path resource [spring/spring-mail.xml]
[INFO ][20170225 16:21:37,254][PropertiesLoaderSupport:172] Loading properties file from class path resource [mq.properties]
[INFO ][20170225 16:21:37,265][PropertiesLoaderSupport:172] Loading properties file from class path resource [mail.properties]
[INFO ][20170225 16:21:37,625][ExecutorConfigurationSupport:165] Initializing ExecutorService  'threadPool'
[INFO ][20170225 16:21:38,312][DefaultLifecycleProcessor$LifecycleGroup:341] Starting beans in phase 2147483647
[INFO ][20170225 16:21:38,577][SingleConnectionFactory:311] Established shared JMS Connection: PooledConnection { ConnectionPool[ActiveMQConnection {id=ID:DESKTOP-A98DQ99-50340-1488010898437-1:1,clientId=null,started=false}] }
[INFO ][20170225 16:21:42,898][DefaultLifecycleProcessor$LifecycleGroup:341] Starting beans in phase 2147483647
[INFO ][20170225 16:21:54,794][ConsumerSessionAwareMessageListener:38] ==>receive message:{"content":"通过ActiveMQ异步发送邮件！","subject":"ActiveMQ测试","to":"1114186632@qq.com"}
[INFO ][20170225 16:27:14,725][AbstractApplicationContext:573] Refreshing org.springframework.context.support.ClassPathXmlApplicationContext@2047efe7: startup date [Sat Feb 25 16:27:14 CST 2017]; root of context hierarchy
[INFO ][20170225 16:27:14,764][XmlBeanDefinitionReader:317] Loading XML bean definitions from class path resource [spring/spring-context.xml]
[INFO ][20170225 16:27:14,948][XmlBeanDefinitionReader:317] Loading XML bean definitions from class path resource [spring/spring-mq.xml]
[INFO ][20170225 16:27:14,979][DefaultListableBeanFactory:839] Overriding bean definition for bean 'consumerSessionAwareMessageListener' with a different definition: replacing [Generic bean: class [cn.xuxianda.listener.ConsumerSessionAwareMessageListener]; scope=singleton; abstract=false; lazyInit=false; autowireMode=1; dependencyCheck=0; autowireCandidate=true; primary=false; factoryBeanName=null; factoryMethodName=null; initMethodName=null; destroyMethodName=null; defined in file [D:\important\githubRepository\DUBBO\activemq-consumer\target\classes\cn\xuxianda\listener\ConsumerSessionAwareMessageListener.class]] with [Generic bean: class [cn.xuxianda.listener.ConsumerSessionAwareMessageListener]; scope=; abstract=false; lazyInit=false; autowireMode=1; dependencyCheck=0; autowireCandidate=true; primary=false; factoryBeanName=null; factoryMethodName=null; initMethodName=null; destroyMethodName=null; defined in class path resource [spring/spring-mq.xml]]
[INFO ][20170225 16:27:14,979][XmlBeanDefinitionReader:317] Loading XML bean definitions from class path resource [spring/spring-mail.xml]
[INFO ][20170225 16:27:15,116][PropertiesLoaderSupport:172] Loading properties file from class path resource [mq.properties]
[INFO ][20170225 16:27:15,116][PropertiesLoaderSupport:172] Loading properties file from class path resource [mail.properties]
[INFO ][20170225 16:27:15,233][ExecutorConfigurationSupport:165] Initializing ExecutorService  'threadPool'
[INFO ][20170225 16:27:15,370][DefaultLifecycleProcessor$LifecycleGroup:341] Starting beans in phase 2147483647
[INFO ][20170225 16:27:15,526][SingleConnectionFactory:311] Established shared JMS Connection: PooledConnection { ConnectionPool[ActiveMQConnection {id=ID:DESKTOP-A98DQ99-50550-1488011235417-1:1,clientId=null,started=false}] }
[INFO ][20170225 16:27:15,547][DefaultLifecycleProcessor$LifecycleGroup:341] Starting beans in phase 2147483647
[INFO ][20170225 16:27:15,579][ConsumerSessionAwareMessageListener:38] ==>receive message:{"content":"通过ActiveMQ异步发送邮件！","subject":"ActiveMQ测试","to":"1114186632@qq.com"}
[INFO ][20170225 16:28:16,707][AbstractApplicationContext:573] Refreshing org.springframework.context.support.ClassPathXmlApplicationContext@2047efe7: startup date [Sat Feb 25 16:28:16 CST 2017]; root of context hierarchy
[INFO ][20170225 16:28:16,750][XmlBeanDefinitionReader:317] Loading XML bean definitions from class path resource [spring/spring-context.xml]
[INFO ][20170225 16:28:16,958][XmlBeanDefinitionReader:317] Loading XML bean definitions from class path resource [spring/spring-mq.xml]
[INFO ][20170225 16:28:16,993][DefaultListableBeanFactory:839] Overriding bean definition for bean 'consumerSessionAwareMessageListener' with a different definition: replacing [Generic bean: class [cn.xuxianda.listener.ConsumerSessionAwareMessageListener]; scope=singleton; abstract=false; lazyInit=false; autowireMode=1; dependencyCheck=0; autowireCandidate=true; primary=false; factoryBeanName=null; factoryMethodName=null; initMethodName=null; destroyMethodName=null; defined in file [D:\important\githubRepository\DUBBO\activemq-consumer\target\classes\cn\xuxianda\listener\ConsumerSessionAwareMessageListener.class]] with [Generic bean: class [cn.xuxianda.listener.ConsumerSessionAwareMessageListener]; scope=; abstract=false; lazyInit=false; autowireMode=1; dependencyCheck=0; autowireCandidate=true; primary=false; factoryBeanName=null; factoryMethodName=null; initMethodName=null; destroyMethodName=null; defined in class path resource [spring/spring-mq.xml]]
[INFO ][20170225 16:28:16,997][XmlBeanDefinitionReader:317] Loading XML bean definitions from class path resource [spring/spring-mail.xml]
[INFO ][20170225 16:28:17,126][PropertiesLoaderSupport:172] Loading properties file from class path resource [mq.properties]
[INFO ][20170225 16:28:17,126][PropertiesLoaderSupport:172] Loading properties file from class path resource [mail.properties]
[INFO ][20170225 16:28:17,252][ExecutorConfigurationSupport:165] Initializing ExecutorService  'threadPool'
[INFO ][20170225 16:28:17,385][DefaultLifecycleProcessor$LifecycleGroup:341] Starting beans in phase 2147483647
[INFO ][20170225 16:28:17,565][SingleConnectionFactory:311] Established shared JMS Connection: PooledConnection { ConnectionPool[ActiveMQConnection {id=ID:DESKTOP-A98DQ99-50574-1488011297439-1:1,clientId=null,started=false}] }
[INFO ][20170225 16:28:17,590][DefaultLifecycleProcessor$LifecycleGroup:341] Starting beans in phase 2147483647
[INFO ][20170225 16:28:23,107][ConsumerSessionAwareMessageListener:38] ==>receive message:{"content":"通过ActiveMQ异步发送邮件！","subject":"ActiveMQ测试","to":"1114186632@qq.com"}
[INFO ][20170225 16:28:31,311][AbstractApplicationContext:573] Refreshing org.springframework.context.support.ClassPathXmlApplicationContext@2047efe7: startup date [Sat Feb 25 16:28:31 CST 2017]; root of context hierarchy
[INFO ][20170225 16:28:31,350][XmlBeanDefinitionReader:317] Loading XML bean definitions from class path resource [spring/spring-context.xml]
[INFO ][20170225 16:28:31,554][XmlBeanDefinitionReader:317] Loading XML bean definitions from class path resource [spring/spring-mq.xml]
[INFO ][20170225 16:28:31,581][DefaultListableBeanFactory:839] Overriding bean definition for bean 'consumerSessionAwareMessageListener' with a different definition: replacing [Generic bean: class [cn.xuxianda.listener.ConsumerSessionAwareMessageListener]; scope=singleton; abstract=false; lazyInit=false; autowireMode=1; dependencyCheck=0; autowireCandidate=true; primary=false; factoryBeanName=null; factoryMethodName=null; initMethodName=null; destroyMethodName=null; defined in file [D:\important\githubRepository\DUBBO\activemq-consumer\target\classes\cn\xuxianda\listener\ConsumerSessionAwareMessageListener.class]] with [Generic bean: class [cn.xuxianda.listener.ConsumerSessionAwareMessageListener]; scope=; abstract=false; lazyInit=false; autowireMode=1; dependencyCheck=0; autowireCandidate=true; primary=false; factoryBeanName=null; factoryMethodName=null; initMethodName=null; destroyMethodName=null; defined in class path resource [spring/spring-mq.xml]]
[INFO ][20170225 16:28:31,581][XmlBeanDefinitionReader:317] Loading XML bean definitions from class path resource [spring/spring-mail.xml]
[INFO ][20170225 16:28:31,714][PropertiesLoaderSupport:172] Loading properties file from class path resource [mq.properties]
[INFO ][20170225 16:28:31,714][PropertiesLoaderSupport:172] Loading properties file from class path resource [mail.properties]
[INFO ][20170225 16:28:31,839][ExecutorConfigurationSupport:165] Initializing ExecutorService  'threadPool'
[INFO ][20170225 16:28:31,972][DefaultLifecycleProcessor$LifecycleGroup:341] Starting beans in phase 2147483647
[INFO ][20170225 16:28:32,140][SingleConnectionFactory:311] Established shared JMS Connection: PooledConnection { ConnectionPool[ActiveMQConnection {id=ID:DESKTOP-A98DQ99-50583-1488011312027-1:1,clientId=null,started=false}] }
[INFO ][20170225 16:28:32,154][DefaultLifecycleProcessor$LifecycleGroup:341] Starting beans in phase 2147483647
[INFO ][20170225 16:28:37,208][ConsumerSessionAwareMessageListener:38] ==>receive message:{"content":"通过ActiveMQ异步发送邮件！","subject":"ActiveMQ测试","to":"1114186632@qq.com"}
[INFO ][20170225 16:28:50,660][AbstractApplicationContext:573] Refreshing org.springframework.context.support.ClassPathXmlApplicationContext@2f6c3396: startup date [Sat Feb 25 16:28:50 CST 2017]; root of context hierarchy
[INFO ][20170225 16:28:50,699][XmlBeanDefinitionReader:317] Loading XML bean definitions from class path resource [spring/spring-context.xml]
[INFO ][20170225 16:28:50,906][XmlBeanDefinitionReader:317] Loading XML bean definitions from class path resource [spring/spring-mq.xml]
[INFO ][20170225 16:28:50,929][DefaultListableBeanFactory:839] Overriding bean definition for bean 'consumerSessionAwareMessageListener' with a different definition: replacing [Generic bean: class [cn.xuxianda.listener.ConsumerSessionAwareMessageListener]; scope=singleton; abstract=false; lazyInit=false; autowireMode=1; dependencyCheck=0; autowireCandidate=true; primary=false; factoryBeanName=null; factoryMethodName=null; initMethodName=null; destroyMethodName=null; defined in file [D:\important\githubRepository\DUBBO\activemq-consumer\target\classes\cn\xuxianda\listener\ConsumerSessionAwareMessageListener.class]] with [Generic bean: class [cn.xuxianda.listener.ConsumerSessionAwareMessageListener]; scope=; abstract=false; lazyInit=false; autowireMode=1; dependencyCheck=0; autowireCandidate=true; primary=false; factoryBeanName=null; factoryMethodName=null; initMethodName=null; destroyMethodName=null; defined in class path resource [spring/spring-mq.xml]]
[INFO ][20170225 16:28:50,929][XmlBeanDefinitionReader:317] Loading XML bean definitions from class path resource [spring/spring-mail.xml]
[INFO ][20170225 16:28:51,062][PropertiesLoaderSupport:172] Loading properties file from class path resource [mq.properties]
[INFO ][20170225 16:28:51,062][PropertiesLoaderSupport:172] Loading properties file from class path resource [mail.properties]
[INFO ][20170225 16:28:51,191][ExecutorConfigurationSupport:165] Initializing ExecutorService  'threadPool'
[INFO ][20170225 16:28:51,328][DefaultLifecycleProcessor$LifecycleGroup:341] Starting beans in phase 2147483647
[INFO ][20170225 16:28:51,492][SingleConnectionFactory:311] Established shared JMS Connection: PooledConnection { ConnectionPool[ActiveMQConnection {id=ID:DESKTOP-A98DQ99-50595-1488011331379-1:1,clientId=null,started=false}] }
[INFO ][20170225 16:28:51,507][DefaultLifecycleProcessor$LifecycleGroup:341] Starting beans in phase 2147483647
[INFO ][20170225 16:28:59,014][ConsumerSessionAwareMessageListener:38] ==>receive message:{"content":"通过ActiveMQ异步发送邮件！","subject":"ActiveMQ测试","to":"1114186632@qq.com"}
[INFO ][20170225 16:29:26,644][AbstractApplicationContext:573] Refreshing org.springframework.context.support.ClassPathXmlApplicationContext@34c1efe7: startup date [Sat Feb 25 16:29:26 CST 2017]; root of context hierarchy
[INFO ][20170225 16:29:26,689][XmlBeanDefinitionReader:317] Loading XML bean definitions from class path resource [spring/spring-context.xml]
[INFO ][20170225 16:29:26,887][XmlBeanDefinitionReader:317] Loading XML bean definitions from class path resource [spring/spring-mq.xml]
[INFO ][20170225 16:29:26,918][DefaultListableBeanFactory:839] Overriding bean definition for bean 'consumerSessionAwareMessageListener' with a different definition: replacing [Generic bean: class [cn.xuxianda.listener.ConsumerSessionAwareMessageListener]; scope=singleton; abstract=false; lazyInit=false; autowireMode=1; dependencyCheck=0; autowireCandidate=true; primary=false; factoryBeanName=null; factoryMethodName=null; initMethodName=null; destroyMethodName=null; defined in file [D:\important\githubRepository\DUBBO\activemq-consumer\target\classes\cn\xuxianda\listener\ConsumerSessionAwareMessageListener.class]] with [Generic bean: class [cn.xuxianda.listener.ConsumerSessionAwareMessageListener]; scope=; abstract=false; lazyInit=false; autowireMode=1; dependencyCheck=0; autowireCandidate=true; primary=false; factoryBeanName=null; factoryMethodName=null; initMethodName=null; destroyMethodName=null; defined in class path resource [spring/spring-mq.xml]]
[INFO ][20170225 16:29:26,922][XmlBeanDefinitionReader:317] Loading XML bean definitions from class path resource [spring/spring-mail.xml]
[INFO ][20170225 16:29:27,063][PropertiesLoaderSupport:172] Loading properties file from class path resource [mq.properties]
[INFO ][20170225 16:29:27,063][PropertiesLoaderSupport:172] Loading properties file from class path resource [mail.properties]
[INFO ][20170225 16:29:27,211][ExecutorConfigurationSupport:165] Initializing ExecutorService  'threadPool'
[INFO ][20170225 16:29:27,379][DefaultLifecycleProcessor$LifecycleGroup:341] Starting beans in phase 2147483647
[INFO ][20170225 16:29:27,540][SingleConnectionFactory:311] Established shared JMS Connection: PooledConnection { ConnectionPool[ActiveMQConnection {id=ID:DESKTOP-A98DQ99-50614-1488011367426-1:1,clientId=null,started=false}] }
[INFO ][20170225 16:29:27,563][DefaultLifecycleProcessor$LifecycleGroup:341] Starting beans in phase 2147483647
[INFO ][20170225 16:29:30,183][ConsumerSessionAwareMessageListener:38] ==>receive message:{"content":"通过ActiveMQ异步发送邮件！","subject":"ActiveMQ测试","to":"1114186632@qq.com"}
[INFO ][20170225 16:34:40,052][AbstractApplicationContext:573] Refreshing org.springframework.context.support.ClassPathXmlApplicationContext@52d7373f: startup date [Sat Feb 25 16:34:40 CST 2017]; root of context hierarchy
[INFO ][20170225 16:34:40,095][XmlBeanDefinitionReader:317] Loading XML bean definitions from class path resource [spring/spring-context.xml]
[INFO ][20170225 16:34:40,287][XmlBeanDefinitionReader:317] Loading XML bean definitions from class path resource [spring/spring-mq.xml]
[INFO ][20170225 16:34:40,318][DefaultListableBeanFactory:839] Overriding bean definition for bean 'consumerSessionAwareMessageListener' with a different definition: replacing [Generic bean: class [cn.xuxianda.listener.ConsumerSessionAwareMessageListener]; scope=singleton; abstract=false; lazyInit=false; autowireMode=1; dependencyCheck=0; autowireCandidate=true; primary=false; factoryBeanName=null; factoryMethodName=null; initMethodName=null; destroyMethodName=null; defined in file [D:\important\githubRepository\DUBBO\activemq-consumer\target\classes\cn\xuxianda\listener\ConsumerSessionAwareMessageListener.class]] with [Generic bean: class [cn.xuxianda.listener.ConsumerSessionAwareMessageListener]; scope=; abstract=false; lazyInit=false; autowireMode=1; dependencyCheck=0; autowireCandidate=true; primary=false; factoryBeanName=null; factoryMethodName=null; initMethodName=null; destroyMethodName=null; defined in class path resource [spring/spring-mq.xml]]
[INFO ][20170225 16:34:40,322][XmlBeanDefinitionReader:317] Loading XML bean definitions from class path resource [spring/spring-mail.xml]
[INFO ][20170225 16:34:40,447][PropertiesLoaderSupport:172] Loading properties file from class path resource [mq.properties]
[INFO ][20170225 16:34:40,447][PropertiesLoaderSupport:172] Loading properties file from class path resource [mail.properties]
[INFO ][20170225 16:34:40,564][ExecutorConfigurationSupport:165] Initializing ExecutorService  'threadPool'
[INFO ][20170225 16:34:40,705][DefaultLifecycleProcessor$LifecycleGroup:341] Starting beans in phase 2147483647
[INFO ][20170225 16:34:40,885][SingleConnectionFactory:311] Established shared JMS Connection: PooledConnection { ConnectionPool[ActiveMQConnection {id=ID:DESKTOP-A98DQ99-50703-1488011680756-1:1,clientId=null,started=false}] }
[INFO ][20170225 16:34:40,899][DefaultLifecycleProcessor$LifecycleGroup:341] Starting beans in phase 2147483647
[INFO ][20170225 16:34:40,930][ConsumerSessionAwareMessageListener:38] ==>receive message:{"content":"通过ActiveMQ异步发送邮件！","subject":"ActiveMQ测试","to":"1114186632@qq.com"}
[INFO ][20170225 16:35:04,314][ConsumerSessionAwareMessageListener:38] ==>receive message:{"content":"通过ActiveMQ异步发送邮件！","subject":"ActiveMQ测试","to":"1114186632@qq.com"}
[INFO ][20170225 16:35:49,197][AbstractApplicationContext:573] Refreshing org.springframework.context.support.ClassPathXmlApplicationContext@2f6c3396: startup date [Sat Feb 25 16:35:49 CST 2017]; root of context hierarchy
[INFO ][20170225 16:35:49,236][XmlBeanDefinitionReader:317] Loading XML bean definitions from class path resource [spring/spring-context.xml]
[INFO ][20170225 16:35:49,419][XmlBeanDefinitionReader:317] Loading XML bean definitions from class path resource [spring/spring-mq.xml]
[INFO ][20170225 16:35:49,451][DefaultListableBeanFactory:839] Overriding bean definition for bean 'consumerSessionAwareMessageListener' with a different definition: replacing [Generic bean: class [cn.xuxianda.listener.ConsumerSessionAwareMessageListener]; scope=singleton; abstract=false; lazyInit=false; autowireMode=1; dependencyCheck=0; autowireCandidate=true; primary=false; factoryBeanName=null; factoryMethodName=null; initMethodName=null; destroyMethodName=null; defined in file [D:\important\githubRepository\DUBBO\activemq-consumer\target\classes\cn\xuxianda\listener\ConsumerSessionAwareMessageListener.class]] with [Generic bean: class [cn.xuxianda.listener.ConsumerSessionAwareMessageListener]; scope=; abstract=false; lazyInit=false; autowireMode=1; dependencyCheck=0; autowireCandidate=true; primary=false; factoryBeanName=null; factoryMethodName=null; initMethodName=null; destroyMethodName=null; defined in class path resource [spring/spring-mq.xml]]
[INFO ][20170225 16:35:49,451][XmlBeanDefinitionReader:317] Loading XML bean definitions from class path resource [spring/spring-mail.xml]
[INFO ][20170225 16:35:49,587][PropertiesLoaderSupport:172] Loading properties file from class path resource [mq.properties]
[INFO ][20170225 16:35:49,587][PropertiesLoaderSupport:172] Loading properties file from class path resource [mail.properties]
[INFO ][20170225 16:35:49,693][ExecutorConfigurationSupport:165] Initializing ExecutorService  'threadPool'
[INFO ][20170225 16:35:49,826][DefaultLifecycleProcessor$LifecycleGroup:341] Starting beans in phase 2147483647
[INFO ][20170225 16:35:49,993][SingleConnectionFactory:311] Established shared JMS Connection: PooledConnection { ConnectionPool[ActiveMQConnection {id=ID:DESKTOP-A98DQ99-50743-1488011749885-1:1,clientId=null,started=false}] }
[INFO ][20170225 16:35:50,009][DefaultLifecycleProcessor$LifecycleGroup:341] Starting beans in phase 2147483647
[INFO ][20170225 16:35:50,040][ConsumerSessionAwareMessageListener:38] ==>receive message:{"content":"通过ActiveMQ异步发送邮件！","subject":"ActiveMQ测试","to":"1114186632@qq.com"}
[INFO ][20170225 16:36:53,112][AbstractApplicationContext:573] Refreshing org.springframework.context.support.ClassPathXmlApplicationContext@2047efe7: startup date [Sat Feb 25 16:36:53 CST 2017]; root of context hierarchy
[INFO ][20170225 16:36:53,147][XmlBeanDefinitionReader:317] Loading XML bean definitions from class path resource [spring/spring-context.xml]
[INFO ][20170225 16:36:53,338][XmlBeanDefinitionReader:317] Loading XML bean definitions from class path resource [spring/spring-mq.xml]
[INFO ][20170225 16:36:53,362][DefaultListableBeanFactory:839] Overriding bean definition for bean 'consumerSessionAwareMessageListener' with a different definition: replacing [Generic bean: class [cn.xuxianda.listener.ConsumerSessionAwareMessageListener]; scope=singleton; abstract=false; lazyInit=false; autowireMode=1; dependencyCheck=0; autowireCandidate=true; primary=false; factoryBeanName=null; factoryMethodName=null; initMethodName=null; destroyMethodName=null; defined in file [D:\important\githubRepository\DUBBO\activemq-consumer\target\classes\cn\xuxianda\listener\ConsumerSessionAwareMessageListener.class]] with [Generic bean: class [cn.xuxianda.listener.ConsumerSessionAwareMessageListener]; scope=; abstract=false; lazyInit=false; autowireMode=1; dependencyCheck=0; autowireCandidate=true; primary=false; factoryBeanName=null; factoryMethodName=null; initMethodName=null; destroyMethodName=null; defined in class path resource [spring/spring-mq.xml]]
[INFO ][20170225 16:36:53,366][XmlBeanDefinitionReader:317] Loading XML bean definitions from class path resource [spring/spring-mail.xml]
[INFO ][20170225 16:36:53,495][PropertiesLoaderSupport:172] Loading properties file from class path resource [mq.properties]
[INFO ][20170225 16:36:53,495][PropertiesLoaderSupport:172] Loading properties file from class path resource [mail.properties]
[INFO ][20170225 16:36:53,604][ExecutorConfigurationSupport:165] Initializing ExecutorService  'threadPool'
[INFO ][20170225 16:36:53,725][DefaultLifecycleProcessor$LifecycleGroup:341] Starting beans in phase 2147483647
[INFO ][20170225 16:36:53,886][SingleConnectionFactory:311] Established shared JMS Connection: PooledConnection { ConnectionPool[ActiveMQConnection {id=ID:DESKTOP-A98DQ99-50763-1488011813776-1:1,clientId=null,started=false}] }
[INFO ][20170225 16:36:53,906][DefaultLifecycleProcessor$LifecycleGroup:341] Starting beans in phase 2147483647
[INFO ][20170225 16:36:53,942][ConsumerSessionAwareMessageListener:38] ==>receive message:{"content":"通过ActiveMQ异步发送邮件！","subject":"ActiveMQ测试","to":"1114186632@qq.com"}
[INFO ][20170225 16:42:46,538][ConsumerSessionAwareMessageListener:38] ==>receive message:{"content":"通过ActiveMQ异步发送邮件！","subject":"ActiveMQ测试","to":"1114186632@qq.com"}
[INFO ][20170225 16:43:17,075][AbstractApplicationContext:573] Refreshing org.springframework.context.support.ClassPathXmlApplicationContext@4cc56236: startup date [Sat Feb 25 16:43:17 CST 2017]; root of context hierarchy
[INFO ][20170225 16:43:17,113][XmlBeanDefinitionReader:317] Loading XML bean definitions from class path resource [spring/spring-context.xml]
[INFO ][20170225 16:43:17,328][XmlBeanDefinitionReader:317] Loading XML bean definitions from class path resource [spring/spring-mq.xml]
[INFO ][20170225 16:43:17,363][DefaultListableBeanFactory:839] Overriding bean definition for bean 'consumerSessionAwareMessageListener' with a different definition: replacing [Generic bean: class [cn.xuxianda.listener.ConsumerSessionAwareMessageListener]; scope=singleton; abstract=false; lazyInit=false; autowireMode=1; dependencyCheck=0; autowireCandidate=true; primary=false; factoryBeanName=null; factoryMethodName=null; initMethodName=null; destroyMethodName=null; defined in file [D:\important\githubRepository\DUBBO\activemq-consumer\target\classes\cn\xuxianda\listener\ConsumerSessionAwareMessageListener.class]] with [Generic bean: class [cn.xuxianda.listener.ConsumerSessionAwareMessageListener]; scope=; abstract=false; lazyInit=false; autowireMode=1; dependencyCheck=0; autowireCandidate=true; primary=false; factoryBeanName=null; factoryMethodName=null; initMethodName=null; destroyMethodName=null; defined in class path resource [spring/spring-mq.xml]]
[INFO ][20170225 16:43:17,363][XmlBeanDefinitionReader:317] Loading XML bean definitions from class path resource [spring/spring-mail.xml]
[INFO ][20170225 16:43:17,512][PropertiesLoaderSupport:172] Loading properties file from class path resource [mq.properties]
[INFO ][20170225 16:43:17,512][PropertiesLoaderSupport:172] Loading properties file from class path resource [mail.properties]
[INFO ][20170225 16:43:17,648][ExecutorConfigurationSupport:165] Initializing ExecutorService  'threadPool'
[INFO ][20170225 16:43:17,813][DefaultLifecycleProcessor$LifecycleGroup:341] Starting beans in phase 2147483647
[INFO ][20170225 16:43:17,973][SingleConnectionFactory:311] Established shared JMS Connection: PooledConnection { ConnectionPool[ActiveMQConnection {id=ID:DESKTOP-A98DQ99-51074-1488012197860-1:1,clientId=null,started=false}] }
[INFO ][20170225 16:43:17,996][DefaultLifecycleProcessor$LifecycleGroup:341] Starting beans in phase 2147483647
[INFO ][20170225 16:43:22,758][ConsumerSessionAwareMessageListener:38] ==>receive message:{"content":"通过ActiveMQ异步发送邮件！","subject":"ActiveMQ测试","to":"1114186632@qq.com"}
[INFO ][20170225 16:45:09,161][AbstractApplicationContext:573] Refreshing org.springframework.context.support.ClassPathXmlApplicationContext@504c79a1: startup date [Sat Feb 25 16:45:09 CST 2017]; root of context hierarchy
[INFO ][20170225 16:45:09,201][XmlBeanDefinitionReader:317] Loading XML bean definitions from class path resource [spring/spring-context.xml]
[INFO ][20170225 16:45:09,424][XmlBeanDefinitionReader:317] Loading XML bean definitions from class path resource [spring/spring-mq.xml]
[INFO ][20170225 16:45:09,455][DefaultListableBeanFactory:839] Overriding bean definition for bean 'consumerSessionAwareMessageListener' with a different definition: replacing [Generic bean: class [cn.xuxianda.listener.ConsumerSessionAwareMessageListener]; scope=singleton; abstract=false; lazyInit=false; autowireMode=1; dependencyCheck=0; autowireCandidate=true; primary=false; factoryBeanName=null; factoryMethodName=null; initMethodName=null; destroyMethodName=null; defined in file [D:\important\githubRepository\DUBBO\activemq-consumer\target\classes\cn\xuxianda\listener\ConsumerSessionAwareMessageListener.class]] with [Generic bean: class [cn.xuxianda.listener.ConsumerSessionAwareMessageListener]; scope=; abstract=false; lazyInit=false; autowireMode=1; dependencyCheck=0; autowireCandidate=true; primary=false; factoryBeanName=null; factoryMethodName=null; initMethodName=null; destroyMethodName=null; defined in class path resource [spring/spring-mq.xml]]
[INFO ][20170225 16:45:09,455][XmlBeanDefinitionReader:317] Loading XML bean definitions from class path resource [spring/spring-mail.xml]
[INFO ][20170225 16:45:09,596][PropertiesLoaderSupport:172] Loading properties file from class path resource [mq.properties]
[INFO ][20170225 16:45:09,596][PropertiesLoaderSupport:172] Loading properties file from class path resource [mail.properties]
[INFO ][20170225 16:45:09,752][ExecutorConfigurationSupport:165] Initializing ExecutorService  'threadPool'
[INFO ][20170225 16:45:09,916][DefaultLifecycleProcessor$LifecycleGroup:341] Starting beans in phase 2147483647
[INFO ][20170225 16:45:10,084][SingleConnectionFactory:311] Established shared JMS Connection: PooledConnection { ConnectionPool[ActiveMQConnection {id=ID:DESKTOP-A98DQ99-51113-1488012309971-1:1,clientId=null,started=false}] }
[INFO ][20170225 16:45:10,104][DefaultLifecycleProcessor$LifecycleGroup:341] Starting beans in phase 2147483647
[INFO ][20170225 16:45:10,694][ConsumerSessionAwareMessageListener:38] ==>receive message:{"content":"通过ActiveMQ异步发送邮件！","subject":"ActiveMQ测试","to":"1114186632@qq.com"}
[INFO ][20170225 16:58:55,392][AbstractApplicationContext:573] Refreshing org.springframework.context.support.ClassPathXmlApplicationContext@2047efe7: startup date [Sat Feb 25 16:58:55 CST 2017]; root of context hierarchy
[INFO ][20170225 16:58:55,427][XmlBeanDefinitionReader:317] Loading XML bean definitions from class path resource [spring/spring-context.xml]
[INFO ][20170225 16:58:55,607][XmlBeanDefinitionReader:317] Loading XML bean definitions from class path resource [spring/spring-mq.xml]
[INFO ][20170225 16:58:55,635][DefaultListableBeanFactory:839] Overriding bean definition for bean 'consumerSessionAwareMessageListener' with a different definition: replacing [Generic bean: class [cn.xuxianda.listener.ConsumerSessionAwareMessageListener]; scope=singleton; abstract=false; lazyInit=false; autowireMode=1; dependencyCheck=0; autowireCandidate=true; primary=false; factoryBeanName=null; factoryMethodName=null; initMethodName=null; destroyMethodName=null; defined in file [D:\important\githubRepository\DUBBO\activemq-consumer\target\classes\cn\xuxianda\listener\ConsumerSessionAwareMessageListener.class]] with [Generic bean: class [cn.xuxianda.listener.ConsumerSessionAwareMessageListener]; scope=; abstract=false; lazyInit=false; autowireMode=1; dependencyCheck=0; autowireCandidate=true; primary=false; factoryBeanName=null; factoryMethodName=null; initMethodName=null; destroyMethodName=null; defined in class path resource [spring/spring-mq.xml]]
[INFO ][20170225 16:58:55,635][XmlBeanDefinitionReader:317] Loading XML bean definitions from class path resource [spring/spring-mail.xml]
[INFO ][20170225 16:58:55,764][PropertiesLoaderSupport:172] Loading properties file from class path resource [mq.properties]
[INFO ][20170225 16:58:55,764][PropertiesLoaderSupport:172] Loading properties file from class path resource [mail.properties]
[INFO ][20170225 16:58:55,873][ExecutorConfigurationSupport:165] Initializing ExecutorService  'threadPool'
[INFO ][20170225 16:58:56,003][DefaultLifecycleProcessor$LifecycleGroup:341] Starting beans in phase 2147483647
[INFO ][20170225 16:58:56,169][SingleConnectionFactory:311] Established shared JMS Connection: PooledConnection { ConnectionPool[ActiveMQConnection {id=ID:DESKTOP-A98DQ99-51845-1488013136056-1:1,clientId=null,started=false}] }
[INFO ][20170225 16:58:56,184][DefaultLifecycleProcessor$LifecycleGroup:341] Starting beans in phase 2147483647
[INFO ][20170225 16:58:56,220][ConsumerSessionAwareMessageListener:38] ==>receive message:{"content":"通过ActiveMQ异步发送邮件！","subject":"ActiveMQ测试","to":"1114186632@qq.com"}
[INFO ][20170225 16:59:32,014][ConsumerSessionAwareMessageListener:38] ==>receive message:{"content":"通过ActiveMQ异步发送邮件！","subject":"ActiveMQ测试","to":"1315236483@qq.com"}
[INFO ][20170225 16:59:40,212][ConsumerSessionAwareMessageListener:38] ==>receive message:{"content":"通过ActiveMQ异步发送邮件！","subject":"ActiveMQ测试","to":"1315236483@qq.com"}
[INFO ][20170225 17:00:05,064][AbstractApplicationContext:573] Refreshing org.springframework.context.support.ClassPathXmlApplicationContext@4cc56236: startup date [Sat Feb 25 17:00:05 CST 2017]; root of context hierarchy
[INFO ][20170225 17:00:05,100][XmlBeanDefinitionReader:317] Loading XML bean definitions from class path resource [spring/spring-context.xml]
[INFO ][20170225 17:00:05,316][XmlBeanDefinitionReader:317] Loading XML bean definitions from class path resource [spring/spring-mq.xml]
[INFO ][20170225 17:00:05,347][DefaultListableBeanFactory:839] Overriding bean definition for bean 'consumerSessionAwareMessageListener' with a different definition: replacing [Generic bean: class [cn.xuxianda.listener.ConsumerSessionAwareMessageListener]; scope=singleton; abstract=false; lazyInit=false; autowireMode=1; dependencyCheck=0; autowireCandidate=true; primary=false; factoryBeanName=null; factoryMethodName=null; initMethodName=null; destroyMethodName=null; defined in file [D:\important\githubRepository\DUBBO\activemq-consumer\target\classes\cn\xuxianda\listener\ConsumerSessionAwareMessageListener.class]] with [Generic bean: class [cn.xuxianda.listener.ConsumerSessionAwareMessageListener]; scope=; abstract=false; lazyInit=false; autowireMode=1; dependencyCheck=0; autowireCandidate=true; primary=false; factoryBeanName=null; factoryMethodName=null; initMethodName=null; destroyMethodName=null; defined in class path resource [spring/spring-mq.xml]]
[INFO ][20170225 17:00:05,347][XmlBeanDefinitionReader:317] Loading XML bean definitions from class path resource [spring/spring-mail.xml]
[INFO ][20170225 17:00:05,484][PropertiesLoaderSupport:172] Loading properties file from class path resource [mq.properties]
[INFO ][20170225 17:00:05,484][PropertiesLoaderSupport:172] Loading properties file from class path resource [mail.properties]
[INFO ][20170225 17:00:05,620][ExecutorConfigurationSupport:165] Initializing ExecutorService  'threadPool'
[INFO ][20170225 17:00:05,788][DefaultLifecycleProcessor$LifecycleGroup:341] Starting beans in phase 2147483647
[INFO ][20170225 17:00:05,964][SingleConnectionFactory:311] Established shared JMS Connection: PooledConnection { ConnectionPool[ActiveMQConnection {id=ID:DESKTOP-A98DQ99-51879-1488013205835-1:1,clientId=null,started=false}] }
[INFO ][20170225 17:00:05,982][DefaultLifecycleProcessor$LifecycleGroup:341] Starting beans in phase 2147483647
[INFO ][20170225 17:00:06,888][ConsumerSessionAwareMessageListener:38] ==>receive message:{"content":"通过ActiveMQ异步发送邮件！","subject":"ActiveMQ测试","to":"1315236483@qq.com"}
[INFO ][20170225 17:02:31,244][AbstractApplicationContext:573] Refreshing org.springframework.context.support.ClassPathXmlApplicationContext@2047efe7: startup date [Sat Feb 25 17:02:31 CST 2017]; root of context hierarchy
[INFO ][20170225 17:02:31,280][XmlBeanDefinitionReader:317] Loading XML bean definitions from class path resource [spring/spring-context.xml]
[INFO ][20170225 17:02:31,478][XmlBeanDefinitionReader:317] Loading XML bean definitions from class path resource [spring/spring-mq.xml]
[INFO ][20170225 17:02:31,512][DefaultListableBeanFactory:839] Overriding bean definition for bean 'consumerSessionAwareMessageListener' with a different definition: replacing [Generic bean: class [cn.xuxianda.listener.ConsumerSessionAwareMessageListener]; scope=singleton; abstract=false; lazyInit=false; autowireMode=1; dependencyCheck=0; autowireCandidate=true; primary=false; factoryBeanName=null; factoryMethodName=null; initMethodName=null; destroyMethodName=null; defined in file [D:\important\githubRepository\DUBBO\activemq-consumer\target\classes\cn\xuxianda\listener\ConsumerSessionAwareMessageListener.class]] with [Generic bean: class [cn.xuxianda.listener.ConsumerSessionAwareMessageListener]; scope=; abstract=false; lazyInit=false; autowireMode=1; dependencyCheck=0; autowireCandidate=true; primary=false; factoryBeanName=null; factoryMethodName=null; initMethodName=null; destroyMethodName=null; defined in class path resource [spring/spring-mq.xml]]
[INFO ][20170225 17:02:31,514][XmlBeanDefinitionReader:317] Loading XML bean definitions from class path resource [spring/spring-mail.xml]
[INFO ][20170225 17:02:31,640][PropertiesLoaderSupport:172] Loading properties file from class path resource [mq.properties]
[INFO ][20170225 17:02:31,640][PropertiesLoaderSupport:172] Loading properties file from class path resource [mail.properties]
[INFO ][20170225 17:02:31,753][ExecutorConfigurationSupport:165] Initializing ExecutorService  'threadPool'
[INFO ][20170225 17:02:31,884][DefaultLifecycleProcessor$LifecycleGroup:341] Starting beans in phase 2147483647
[INFO ][20170225 17:02:32,045][SingleConnectionFactory:311] Established shared JMS Connection: PooledConnection { ConnectionPool[ActiveMQConnection {id=ID:DESKTOP-A98DQ99-60539-1488013351932-1:1,clientId=null,started=false}] }
[INFO ][20170225 17:02:32,061][DefaultLifecycleProcessor$LifecycleGroup:341] Starting beans in phase 2147483647
[INFO ][20170225 17:02:32,094][ConsumerSessionAwareMessageListener:38] ==>receive message:{"content":"通过ActiveMQ异步发送邮件！","subject":"ActiveMQ测试","to":"1315236483@qq.com"}
[INFO ][20170225 17:04:26,300][AbstractApplicationContext:573] Refreshing org.springframework.context.support.ClassPathXmlApplicationContext@10aa5b2d: startup date [Sat Feb 25 17:04:26 CST 2017]; root of context hierarchy
[INFO ][20170225 17:04:26,338][XmlBeanDefinitionReader:317] Loading XML bean definitions from class path resource [spring/spring-context.xml]
[INFO ][20170225 17:04:26,555][XmlBeanDefinitionReader:317] Loading XML bean definitions from class path resource [spring/spring-mq.xml]
[INFO ][20170225 17:04:26,590][DefaultListableBeanFactory:839] Overriding bean definition for bean 'consumerSessionAwareMessageListener' with a different definition: replacing [Generic bean: class [cn.xuxianda.listener.ConsumerSessionAwareMessageListener]; scope=singleton; abstract=false; lazyInit=false; autowireMode=1; dependencyCheck=0; autowireCandidate=true; primary=false; factoryBeanName=null; factoryMethodName=null; initMethodName=null; destroyMethodName=null; defined in file [D:\important\githubRepository\DUBBO\activemq-consumer\target\classes\cn\xuxianda\listener\ConsumerSessionAwareMessageListener.class]] with [Generic bean: class [cn.xuxianda.listener.ConsumerSessionAwareMessageListener]; scope=; abstract=false; lazyInit=false; autowireMode=1; dependencyCheck=0; autowireCandidate=true; primary=false; factoryBeanName=null; factoryMethodName=null; initMethodName=null; destroyMethodName=null; defined in class path resource [spring/spring-mq.xml]]
[INFO ][20170225 17:04:26,592][XmlBeanDefinitionReader:317] Loading XML bean definitions from class path resource [spring/spring-mail.xml]
[INFO ][20170225 17:04:26,734][PropertiesLoaderSupport:172] Loading properties file from class path resource [mq.properties]
[INFO ][20170225 17:04:26,734][PropertiesLoaderSupport:172] Loading properties file from class path resource [mail.properties]
[INFO ][20170225 17:04:26,857][ExecutorConfigurationSupport:165] Initializing ExecutorService  'threadPool'
[INFO ][20170225 17:04:26,999][DefaultLifecycleProcessor$LifecycleGroup:341] Starting beans in phase 2147483647
[INFO ][20170225 17:04:27,166][SingleConnectionFactory:311] Established shared JMS Connection: PooledConnection { ConnectionPool[ActiveMQConnection {id=ID:DESKTOP-A98DQ99-60846-1488013467055-1:1,clientId=null,started=false}] }
[INFO ][20170225 17:04:27,226][DefaultLifecycleProcessor$LifecycleGroup:341] Starting beans in phase 2147483647
[INFO ][20170225 17:04:27,261][ConsumerSessionAwareMessageListener:38] ==>receive message:{"content":"通过ActiveMQ异步发送邮件！","subject":"ActiveMQ测试","to":"1315236483@qq.com"}
[INFO ][20170225 19:17:49,708][AbstractApplicationContext:573] Refreshing org.springframework.context.support.ClassPathXmlApplicationContext@52d7373f: startup date [Sat Feb 25 19:17:49 CST 2017]; root of context hierarchy
[INFO ][20170225 19:17:49,754][XmlBeanDefinitionReader:317] Loading XML bean definitions from class path resource [spring/spring-context.xml]
[INFO ][20170225 19:17:49,979][XmlBeanDefinitionReader:317] Loading XML bean definitions from class path resource [spring/spring-mq.xml]
[INFO ][20170225 19:17:50,009][DefaultListableBeanFactory:839] Overriding bean definition for bean 'consumerSessionAwareMessageListener' with a different definition: replacing [Generic bean: class [cn.xuxianda.listener.ConsumerSessionAwareMessageListener]; scope=singleton; abstract=false; lazyInit=false; autowireMode=1; dependencyCheck=0; autowireCandidate=true; primary=false; factoryBeanName=null; factoryMethodName=null; initMethodName=null; destroyMethodName=null; defined in file [D:\important\githubRepository\DUBBO\activemq-consumer\target\classes\cn\xuxianda\listener\ConsumerSessionAwareMessageListener.class]] with [Generic bean: class [cn.xuxianda.listener.ConsumerSessionAwareMessageListener]; scope=; abstract=false; lazyInit=false; autowireMode=1; dependencyCheck=0; autowireCandidate=true; primary=false; factoryBeanName=null; factoryMethodName=null; initMethodName=null; destroyMethodName=null; defined in class path resource [spring/spring-mq.xml]]
[INFO ][20170225 19:17:50,011][XmlBeanDefinitionReader:317] Loading XML bean definitions from class path resource [spring/spring-mail.xml]
[INFO ][20170225 19:17:50,168][PropertiesLoaderSupport:172] Loading properties file from class path resource [mq.properties]
[INFO ][20170225 19:17:50,168][PropertiesLoaderSupport:172] Loading properties file from class path resource [mail.properties]
[INFO ][20170225 19:17:50,313][ExecutorConfigurationSupport:165] Initializing ExecutorService  'threadPool'
[INFO ][20170225 19:17:50,481][DefaultLifecycleProcessor$LifecycleGroup:341] Starting beans in phase 2147483647
[INFO ][20170225 19:17:50,652][SingleConnectionFactory:311] Established shared JMS Connection: PooledConnection { ConnectionPool[ActiveMQConnection {id=ID:DESKTOP-A98DQ99-51980-1488021470537-1:1,clientId=null,started=false}] }
[INFO ][20170225 19:17:50,669][DefaultLifecycleProcessor$LifecycleGroup:341] Starting beans in phase 2147483647
[INFO ][20170225 19:17:50,711][ConsumerSessionAwareMessageListener:38] ==>receive message:{"content":"通过ActiveMQ异步发送邮件！","subject":"ActiveMQ测试","to":"1315236483@qq.com"}
[INFO ][20170225 19:28:09,972][ConsumerSessionAwareMessageListener:38] ==>receive message:{"content":"通过ActiveMQ异步发送邮件！","subject":"ActiveMQ测试","to":"1315236483@qq.com"}
[INFO ][20170225 19:28:26,767][AbstractApplicationContext:573] Refreshing org.springframework.context.support.ClassPathXmlApplicationContext@32b2ee9a: startup date [Sat Feb 25 19:28:26 CST 2017]; root of context hierarchy
[INFO ][20170225 19:28:26,812][XmlBeanDefinitionReader:317] Loading XML bean definitions from class path resource [spring/spring-context.xml]
[INFO ][20170225 19:28:27,046][XmlBeanDefinitionReader:317] Loading XML bean definitions from class path resource [spring/spring-mq.xml]
[INFO ][20170225 19:28:27,080][DefaultListableBeanFactory:839] Overriding bean definition for bean 'consumerSessionAwareMessageListener' with a different definition: replacing [Generic bean: class [cn.xuxianda.listener.ConsumerSessionAwareMessageListener]; scope=singleton; abstract=false; lazyInit=false; autowireMode=1; dependencyCheck=0; autowireCandidate=true; primary=false; factoryBeanName=null; factoryMethodName=null; initMethodName=null; destroyMethodName=null; defined in file [D:\important\githubRepository\DUBBO\activemq-consumer\target\classes\cn\xuxianda\listener\ConsumerSessionAwareMessageListener.class]] with [Generic bean: class [cn.xuxianda.listener.ConsumerSessionAwareMessageListener]; scope=; abstract=false; lazyInit=false; autowireMode=1; dependencyCheck=0; autowireCandidate=true; primary=false; factoryBeanName=null; factoryMethodName=null; initMethodName=null; destroyMethodName=null; defined in class path resource [spring/spring-mq.xml]]
[INFO ][20170225 19:28:27,082][XmlBeanDefinitionReader:317] Loading XML bean definitions from class path resource [spring/spring-mail.xml]
[INFO ][20170225 19:28:27,241][PropertiesLoaderSupport:172] Loading properties file from class path resource [mq.properties]
[INFO ][20170225 19:28:27,242][PropertiesLoaderSupport:172] Loading properties file from class path resource [mail.properties]
[INFO ][20170225 19:28:27,404][ExecutorConfigurationSupport:165] Initializing ExecutorService  'threadPool'
[INFO ][20170225 19:28:27,592][DefaultLifecycleProcessor$LifecycleGroup:341] Starting beans in phase 2147483647
[INFO ][20170225 19:28:27,757][SingleConnectionFactory:311] Established shared JMS Connection: PooledConnection { ConnectionPool[ActiveMQConnection {id=ID:DESKTOP-A98DQ99-57699-1488022107645-1:1,clientId=null,started=false}] }
[INFO ][20170225 19:28:27,782][DefaultLifecycleProcessor$LifecycleGroup:341] Starting beans in phase 2147483647
[INFO ][20170225 19:28:28,660][ConsumerSessionAwareMessageListener:38] ==>receive message:{"content":"通过ActiveMQ异步发送邮件！","subject":"ActiveMQ测试","to":"1315236483@qq.com"}
[INFO ][20170225 19:36:00,225][AbstractApplicationContext:573] Refreshing org.springframework.context.support.ClassPathXmlApplicationContext@52d7373f: startup date [Sat Feb 25 19:36:00 CST 2017]; root of context hierarchy
[INFO ][20170225 19:36:00,264][XmlBeanDefinitionReader:317] Loading XML bean definitions from class path resource [spring/spring-context.xml]
[INFO ][20170225 19:36:00,460][XmlBeanDefinitionReader:317] Loading XML bean definitions from class path resource [spring/spring-mq.xml]
[INFO ][20170225 19:36:00,487][DefaultListableBeanFactory:839] Overriding bean definition for bean 'consumerSessionAwareMessageListener' with a different definition: replacing [Generic bean: class [cn.xuxianda.listener.ConsumerSessionAwareMessageListener]; scope=singleton; abstract=false; lazyInit=false; autowireMode=1; dependencyCheck=0; autowireCandidate=true; primary=false; factoryBeanName=null; factoryMethodName=null; initMethodName=null; destroyMethodName=null; defined in file [D:\important\githubRepository\DUBBO\activemq-consumer\target\classes\cn\xuxianda\listener\ConsumerSessionAwareMessageListener.class]] with [Generic bean: class [cn.xuxianda.listener.ConsumerSessionAwareMessageListener]; scope=; abstract=false; lazyInit=false; autowireMode=1; dependencyCheck=0; autowireCandidate=true; primary=false; factoryBeanName=null; factoryMethodName=null; initMethodName=null; destroyMethodName=null; defined in class path resource [spring/spring-mq.xml]]
[INFO ][20170225 19:36:00,491][XmlBeanDefinitionReader:317] Loading XML bean definitions from class path resource [spring/spring-mail.xml]
[INFO ][20170225 19:36:00,617][PropertiesLoaderSupport:172] Loading properties file from class path resource [mq.properties]
[INFO ][20170225 19:36:00,617][PropertiesLoaderSupport:172] Loading properties file from class path resource [mail.properties]
[INFO ][20170225 19:36:00,730][ExecutorConfigurationSupport:165] Initializing ExecutorService  'threadPool'
[INFO ][20170225 19:36:00,867][DefaultLifecycleProcessor$LifecycleGroup:341] Starting beans in phase 2147483647
[INFO ][20170225 19:36:01,027][SingleConnectionFactory:311] Established shared JMS Connection: PooledConnection { ConnectionPool[ActiveMQConnection {id=ID:DESKTOP-A98DQ99-60095-1488022560918-1:1,clientId=null,started=false}] }
[INFO ][20170225 19:36:01,044][DefaultLifecycleProcessor$LifecycleGroup:341] Starting beans in phase 2147483647
[INFO ][20170225 19:36:01,075][ConsumerSessionAwareMessageListener:38] ==>receive message:{"content":"通过ActiveMQ异步发送邮件！","subject":"ActiveMQ测试","to":"1315236483@qq.com"}
[INFO ][20170225 19:37:21,989][AbstractApplicationContext:573] Refreshing org.springframework.context.support.ClassPathXmlApplicationContext@52d7373f: startup date [Sat Feb 25 19:37:21 CST 2017]; root of context hierarchy
[INFO ][20170225 19:37:22,024][XmlBeanDefinitionReader:317] Loading XML bean definitions from class path resource [spring/spring-context.xml]
[INFO ][20170225 19:37:22,209][XmlBeanDefinitionReader:317] Loading XML bean definitions from class path resource [spring/spring-mq.xml]
[INFO ][20170225 19:37:22,237][DefaultListableBeanFactory:839] Overriding bean definition for bean 'consumerSessionAwareMessageListener' with a different definition: replacing [Generic bean: class [cn.xuxianda.listener.ConsumerSessionAwareMessageListener]; scope=singleton; abstract=false; lazyInit=false; autowireMode=1; dependencyCheck=0; autowireCandidate=true; primary=false; factoryBeanName=null; factoryMethodName=null; initMethodName=null; destroyMethodName=null; defined in file [D:\important\githubRepository\DUBBO\activemq-consumer\target\classes\cn\xuxianda\listener\ConsumerSessionAwareMessageListener.class]] with [Generic bean: class [cn.xuxianda.listener.ConsumerSessionAwareMessageListener]; scope=; abstract=false; lazyInit=false; autowireMode=1; dependencyCheck=0; autowireCandidate=true; primary=false; factoryBeanName=null; factoryMethodName=null; initMethodName=null; destroyMethodName=null; defined in class path resource [spring/spring-mq.xml]]
[INFO ][20170225 19:37:22,238][XmlBeanDefinitionReader:317] Loading XML bean definitions from class path resource [spring/spring-mail.xml]
[INFO ][20170225 19:37:22,369][PropertiesLoaderSupport:172] Loading properties file from class path resource [mq.properties]
[INFO ][20170225 19:37:22,369][PropertiesLoaderSupport:172] Loading properties file from class path resource [mail.properties]
[INFO ][20170225 19:37:22,485][ExecutorConfigurationSupport:165] Initializing ExecutorService  'threadPool'
[INFO ][20170225 19:37:22,611][DefaultLifecycleProcessor$LifecycleGroup:341] Starting beans in phase 2147483647
[INFO ][20170225 19:37:22,770][SingleConnectionFactory:311] Established shared JMS Connection: PooledConnection { ConnectionPool[ActiveMQConnection {id=ID:DESKTOP-A98DQ99-49662-1488022642659-1:1,clientId=null,started=false}] }
[INFO ][20170225 19:37:22,786][DefaultLifecycleProcessor$LifecycleGroup:341] Starting beans in phase 2147483647
[INFO ][20170225 19:37:22,819][ConsumerSessionAwareMessageListener:38] ==>receive message:{"content":"通过ActiveMQ异步发送邮件！","subject":"ActiveMQ测试","to":"1315236483@qq.com"}
[INFO ][20170225 19:41:34,783][AbstractApplicationContext:573] Refreshing org.springframework.context.support.ClassPathXmlApplicationContext@52d7373f: startup date [Sat Feb 25 19:41:34 CST 2017]; root of context hierarchy
[INFO ][20170225 19:41:34,825][XmlBeanDefinitionReader:317] Loading XML bean definitions from class path resource [spring/spring-context.xml]
[INFO ][20170225 19:41:35,038][XmlBeanDefinitionReader:317] Loading XML bean definitions from class path resource [spring/spring-mq.xml]
[INFO ][20170225 19:41:35,072][DefaultListableBeanFactory:839] Overriding bean definition for bean 'consumerSessionAwareMessageListener' with a different definition: replacing [Generic bean: class [cn.xuxianda.listener.ConsumerSessionAwareMessageListener]; scope=singleton; abstract=false; lazyInit=false; autowireMode=1; dependencyCheck=0; autowireCandidate=true; primary=false; factoryBeanName=null; factoryMethodName=null; initMethodName=null; destroyMethodName=null; defined in file [D:\important\githubRepository\DUBBO\activemq-consumer\target\classes\cn\xuxianda\listener\ConsumerSessionAwareMessageListener.class]] with [Generic bean: class [cn.xuxianda.listener.ConsumerSessionAwareMessageListener]; scope=; abstract=false; lazyInit=false; autowireMode=1; dependencyCheck=0; autowireCandidate=true; primary=false; factoryBeanName=null; factoryMethodName=null; initMethodName=null; destroyMethodName=null; defined in class path resource [spring/spring-mq.xml]]
[INFO ][20170225 19:41:35,073][XmlBeanDefinitionReader:317] Loading XML bean definitions from class path resource [spring/spring-mail.xml]
[INFO ][20170225 19:41:35,229][PropertiesLoaderSupport:172] Loading properties file from class path resource [mq.properties]
[INFO ][20170225 19:41:35,229][PropertiesLoaderSupport:172] Loading properties file from class path resource [mail.properties]
[INFO ][20170225 19:41:35,367][ExecutorConfigurationSupport:165] Initializing ExecutorService  'threadPool'
[INFO ][20170225 19:41:35,547][DefaultLifecycleProcessor$LifecycleGroup:341] Starting beans in phase 2147483647
[INFO ][20170225 19:41:35,734][SingleConnectionFactory:311] Established shared JMS Connection: PooledConnection { ConnectionPool[ActiveMQConnection {id=ID:DESKTOP-A98DQ99-51262-1488022895618-1:1,clientId=null,started=false}] }
[INFO ][20170225 19:41:35,753][DefaultLifecycleProcessor$LifecycleGroup:341] Starting beans in phase 2147483647
[INFO ][20170225 19:41:35,798][ConsumerSessionAwareMessageListener:38] ==>receive message:{"content":"通过ActiveMQ异步发送邮件！","subject":"ActiveMQ测试","to":"1315236483@qq.com"}
[INFO ][20170225 19:44:18,259][AbstractApplicationContext:573] Refreshing org.springframework.context.support.ClassPathXmlApplicationContext@2047efe7: startup date [Sat Feb 25 19:44:18 CST 2017]; root of context hierarchy
[INFO ][20170225 19:44:18,296][XmlBeanDefinitionReader:317] Loading XML bean definitions from class path resource [spring/spring-context.xml]
[INFO ][20170225 19:44:18,496][XmlBeanDefinitionReader:317] Loading XML bean definitions from class path resource [spring/spring-mq.xml]
[INFO ][20170225 19:44:18,532][DefaultListableBeanFactory:839] Overriding bean definition for bean 'consumerSessionAwareMessageListener' with a different definition: replacing [Generic bean: class [cn.xuxianda.listener.ConsumerSessionAwareMessageListener]; scope=singleton; abstract=false; lazyInit=false; autowireMode=1; dependencyCheck=0; autowireCandidate=true; primary=false; factoryBeanName=null; factoryMethodName=null; initMethodName=null; destroyMethodName=null; defined in file [D:\important\githubRepository\DUBBO\activemq-consumer\target\classes\cn\xuxianda\listener\ConsumerSessionAwareMessageListener.class]] with [Generic bean: class [cn.xuxianda.listener.ConsumerSessionAwareMessageListener]; scope=; abstract=false; lazyInit=false; autowireMode=1; dependencyCheck=0; autowireCandidate=true; primary=false; factoryBeanName=null; factoryMethodName=null; initMethodName=null; destroyMethodName=null; defined in class path resource [spring/spring-mq.xml]]
[INFO ][20170225 19:44:18,533][XmlBeanDefinitionReader:317] Loading XML bean definitions from class path resource [spring/spring-mail.xml]
[INFO ][20170225 19:44:18,657][PropertiesLoaderSupport:172] Loading properties file from class path resource [mq.properties]
[INFO ][20170225 19:44:18,658][PropertiesLoaderSupport:172] Loading properties file from class path resource [mail.properties]
[INFO ][20170225 19:44:18,774][ExecutorConfigurationSupport:165] Initializing ExecutorService  'threadPool'
[INFO ][20170225 19:44:18,908][DefaultLifecycleProcessor$LifecycleGroup:341] Starting beans in phase 2147483647
[INFO ][20170225 19:44:19,069][SingleConnectionFactory:311] Established shared JMS Connection: PooledConnection { ConnectionPool[ActiveMQConnection {id=ID:DESKTOP-A98DQ99-51373-1488023058956-1:1,clientId=null,started=false}] }
[INFO ][20170225 19:44:19,087][DefaultLifecycleProcessor$LifecycleGroup:341] Starting beans in phase 2147483647
[INFO ][20170225 19:44:19,123][ConsumerSessionAwareMessageListener:38] ==>receive message:{"content":"通过ActiveMQ异步发送邮件！","subject":"ActiveMQ测试","to":"1315236483@qq.com"}
[INFO ][20170225 19:44:58,880][AbstractApplicationContext:573] Refreshing org.springframework.context.support.ClassPathXmlApplicationContext@504c79a1: startup date [Sat Feb 25 19:44:58 CST 2017]; root of context hierarchy
[INFO ][20170225 19:44:58,924][XmlBeanDefinitionReader:317] Loading XML bean definitions from class path resource [spring/spring-context.xml]
[INFO ][20170225 19:44:59,134][XmlBeanDefinitionReader:317] Loading XML bean definitions from class path resource [spring/spring-mq.xml]
[INFO ][20170225 19:44:59,167][DefaultListableBeanFactory:839] Overriding bean definition for bean 'consumerSessionAwareMessageListener' with a different definition: replacing [Generic bean: class [cn.xuxianda.listener.ConsumerSessionAwareMessageListener]; scope=singleton; abstract=false; lazyInit=false; autowireMode=1; dependencyCheck=0; autowireCandidate=true; primary=false; factoryBeanName=null; factoryMethodName=null; initMethodName=null; destroyMethodName=null; defined in file [D:\important\githubRepository\DUBBO\activemq-consumer\target\classes\cn\xuxianda\listener\ConsumerSessionAwareMessageListener.class]] with [Generic bean: class [cn.xuxianda.listener.ConsumerSessionAwareMessageListener]; scope=; abstract=false; lazyInit=false; autowireMode=1; dependencyCheck=0; autowireCandidate=true; primary=false; factoryBeanName=null; factoryMethodName=null; initMethodName=null; destroyMethodName=null; defined in class path resource [spring/spring-mq.xml]]
[INFO ][20170225 19:44:59,169][XmlBeanDefinitionReader:317] Loading XML bean definitions from class path resource [spring/spring-mail.xml]
[INFO ][20170225 19:44:59,311][PropertiesLoaderSupport:172] Loading properties file from class path resource [mq.properties]
[INFO ][20170225 19:44:59,311][PropertiesLoaderSupport:172] Loading properties file from class path resource [mail.properties]
[INFO ][20170225 19:44:59,447][ExecutorConfigurationSupport:165] Initializing ExecutorService  'threadPool'
[INFO ][20170225 19:44:59,622][DefaultLifecycleProcessor$LifecycleGroup:341] Starting beans in phase 2147483647
[INFO ][20170225 19:44:59,782][SingleConnectionFactory:311] Established shared JMS Connection: PooledConnection { ConnectionPool[ActiveMQConnection {id=ID:DESKTOP-A98DQ99-51390-1488023099669-1:1,clientId=null,started=false}] }
[INFO ][20170225 19:44:59,802][DefaultLifecycleProcessor$LifecycleGroup:341] Starting beans in phase 2147483647
[INFO ][20170225 19:45:00,483][ConsumerSessionAwareMessageListener:38] ==>receive message:{"content":"通过ActiveMQ异步发送邮件！","subject":"ActiveMQ测试","to":"1315236483@qq.com"}
[INFO ][20170225 19:46:17,499][AbstractApplicationContext:573] Refreshing org.springframework.context.support.ClassPathXmlApplicationContext@2047efe7: startup date [Sat Feb 25 19:46:17 CST 2017]; root of context hierarchy
[INFO ][20170225 19:46:17,539][XmlBeanDefinitionReader:317] Loading XML bean definitions from class path resource [spring/spring-context.xml]
[INFO ][20170225 19:46:17,743][XmlBeanDefinitionReader:317] Loading XML bean definitions from class path resource [spring/spring-mq.xml]
[INFO ][20170225 19:46:17,771][DefaultListableBeanFactory:839] Overriding bean definition for bean 'consumerSessionAwareMessageListener' with a different definition: replacing [Generic bean: class [cn.xuxianda.listener.ConsumerSessionAwareMessageListener]; scope=singleton; abstract=false; lazyInit=false; autowireMode=1; dependencyCheck=0; autowireCandidate=true; primary=false; factoryBeanName=null; factoryMethodName=null; initMethodName=null; destroyMethodName=null; defined in file [D:\important\githubRepository\DUBBO\activemq-consumer\target\classes\cn\xuxianda\listener\ConsumerSessionAwareMessageListener.class]] with [Generic bean: class [cn.xuxianda.listener.ConsumerSessionAwareMessageListener]; scope=; abstract=false; lazyInit=false; autowireMode=1; dependencyCheck=0; autowireCandidate=true; primary=false; factoryBeanName=null; factoryMethodName=null; initMethodName=null; destroyMethodName=null; defined in class path resource [spring/spring-mq.xml]]
[INFO ][20170225 19:46:17,772][XmlBeanDefinitionReader:317] Loading XML bean definitions from class path resource [spring/spring-mail.xml]
[INFO ][20170225 19:46:17,899][PropertiesLoaderSupport:172] Loading properties file from class path resource [mq.properties]
[INFO ][20170225 19:46:17,900][PropertiesLoaderSupport:172] Loading properties file from class path resource [mail.properties]
[INFO ][20170225 19:46:18,033][ExecutorConfigurationSupport:165] Initializing ExecutorService  'threadPool'
[INFO ][20170225 19:46:18,170][DefaultLifecycleProcessor$LifecycleGroup:341] Starting beans in phase 2147483647
[INFO ][20170225 19:46:18,345][SingleConnectionFactory:311] Established shared JMS Connection: PooledConnection { ConnectionPool[ActiveMQConnection {id=ID:DESKTOP-A98DQ99-51413-1488023178219-1:1,clientId=null,started=false}] }
[INFO ][20170225 19:46:18,365][DefaultLifecycleProcessor$LifecycleGroup:341] Starting beans in phase 2147483647
[INFO ][20170225 19:46:18,400][ConsumerSessionAwareMessageListener:38] ==>receive message:{"content":"通过ActiveMQ异步发送邮件！","subject":"ActiveMQ测试","to":"1315236483@qq.com"}
[INFO ][20170225 19:46:56,383][ConsumerSessionAwareMessageListener:38] ==>receive message:{"content":"通过ActiveMQ异步发送邮件！","subject":"ActiveMQ测试","to":"1315236483@qq.com"}
[INFO ][20170225 19:57:10,201][AbstractApplicationContext:573] Refreshing org.springframework.context.support.ClassPathXmlApplicationContext@2e2d7165: startup date [Sat Feb 25 19:57:10 CST 2017]; root of context hierarchy
[INFO ][20170225 19:57:10,238][XmlBeanDefinitionReader:317] Loading XML bean definitions from class path resource [spring/spring-context.xml]
[INFO ][20170225 19:57:10,433][XmlBeanDefinitionReader:317] Loading XML bean definitions from class path resource [spring/spring-mq.xml]
[INFO ][20170225 19:57:10,467][DefaultListableBeanFactory:839] Overriding bean definition for bean 'consumerSessionAwareMessageListener' with a different definition: replacing [Generic bean: class [cn.xuxianda.listener.ConsumerSessionAwareMessageListener]; scope=singleton; abstract=false; lazyInit=false; autowireMode=1; dependencyCheck=0; autowireCandidate=true; primary=false; factoryBeanName=null; factoryMethodName=null; initMethodName=null; destroyMethodName=null; defined in file [D:\important\githubRepository\DUBBO\activemq-consumer\target\classes\cn\xuxianda\listener\ConsumerSessionAwareMessageListener.class]] with [Generic bean: class [cn.xuxianda.listener.ConsumerSessionAwareMessageListener]; scope=; abstract=false; lazyInit=false; autowireMode=1; dependencyCheck=0; autowireCandidate=true; primary=false; factoryBeanName=null; factoryMethodName=null; initMethodName=null; destroyMethodName=null; defined in class path resource [spring/spring-mq.xml]]
[INFO ][20170225 19:57:10,468][XmlBeanDefinitionReader:317] Loading XML bean definitions from class path resource [spring/spring-mail.xml]
[INFO ][20170225 19:57:10,601][PropertiesLoaderSupport:172] Loading properties file from class path resource [mq.properties]
[INFO ][20170225 19:57:10,601][PropertiesLoaderSupport:172] Loading properties file from class path resource [mail.properties]
[INFO ][20170225 19:57:10,709][ExecutorConfigurationSupport:165] Initializing ExecutorService  'threadPool'
[INFO ][20170225 19:57:10,841][DefaultLifecycleProcessor$LifecycleGroup:341] Starting beans in phase 2147483647
[INFO ][20170225 19:57:11,006][SingleConnectionFactory:311] Established shared JMS Connection: PooledConnection { ConnectionPool[ActiveMQConnection {id=ID:DESKTOP-A98DQ99-50076-1488023830894-1:1,clientId=null,started=false}] }
[INFO ][20170225 19:57:11,030][DefaultLifecycleProcessor$LifecycleGroup:341] Starting beans in phase 2147483647
[INFO ][20170225 19:57:11,091][ConsumerSessionAwareMessageListener:38] ==>receive message:{"content":"通过ActiveMQ异步发送邮件！","subject":"ActiveMQ测试","to":"1315236483@qq.com"}
[INFO ][20170225 19:58:07,184][AbstractApplicationContext:573] Refreshing org.springframework.context.support.ClassPathXmlApplicationContext@52d7373f: startup date [Sat Feb 25 19:58:07 CST 2017]; root of context hierarchy
[INFO ][20170225 19:58:07,226][XmlBeanDefinitionReader:317] Loading XML bean definitions from class path resource [spring/spring-context.xml]
[INFO ][20170225 19:58:07,428][XmlBeanDefinitionReader:317] Loading XML bean definitions from class path resource [spring/spring-mq.xml]
[INFO ][20170225 19:58:07,456][DefaultListableBeanFactory:839] Overriding bean definition for bean 'consumerSessionAwareMessageListener' with a different definition: replacing [Generic bean: class [cn.xuxianda.listener.ConsumerSessionAwareMessageListener]; scope=singleton; abstract=false; lazyInit=false; autowireMode=1; dependencyCheck=0; autowireCandidate=true; primary=false; factoryBeanName=null; factoryMethodName=null; initMethodName=null; destroyMethodName=null; defined in file [D:\important\githubRepository\DUBBO\activemq-consumer\target\classes\cn\xuxianda\listener\ConsumerSessionAwareMessageListener.class]] with [Generic bean: class [cn.xuxianda.listener.ConsumerSessionAwareMessageListener]; scope=; abstract=false; lazyInit=false; autowireMode=1; dependencyCheck=0; autowireCandidate=true; primary=false; factoryBeanName=null; factoryMethodName=null; initMethodName=null; destroyMethodName=null; defined in class path resource [spring/spring-mq.xml]]
[INFO ][20170225 19:58:07,457][XmlBeanDefinitionReader:317] Loading XML bean definitions from class path resource [spring/spring-mail.xml]
[INFO ][20170225 19:58:07,591][PropertiesLoaderSupport:172] Loading properties file from class path resource [mq.properties]
[INFO ][20170225 19:58:07,591][PropertiesLoaderSupport:172] Loading properties file from class path resource [mail.properties]
[INFO ][20170225 19:58:07,701][ExecutorConfigurationSupport:165] Initializing ExecutorService  'threadPool'
[INFO ][20170225 19:58:07,842][DefaultLifecycleProcessor$LifecycleGroup:341] Starting beans in phase 2147483647
[INFO ][20170225 19:58:08,009][SingleConnectionFactory:311] Established shared JMS Connection: PooledConnection { ConnectionPool[ActiveMQConnection {id=ID:DESKTOP-A98DQ99-50098-1488023887897-1:1,clientId=null,started=false}] }
[INFO ][20170225 19:58:08,027][DefaultLifecycleProcessor$LifecycleGroup:341] Starting beans in phase 2147483647
[INFO ][20170225 19:58:08,066][ConsumerSessionAwareMessageListener:38] ==>receive message:{"content":"通过ActiveMQ异步发送邮件！","subject":"ActiveMQ测试","to":"1315236483@qq.com"}
[INFO ][20170225 19:58:08,135][ConsumerSessionAwareMessageListener:38] ==>receive message:{"content":"通过ActiveMQ异步发送邮件！","subject":"ActiveMQ测试","to":"1315236483@qq.com"}
[WARN ][20170225 19:58:38,098][DefaultMessageListenerContainer:871] Setup of JMS message listener invoker failed for destination 'queue://xuxd.edu.mqtest.v1' - trying to recover. Cause: The Consumer is closed
[ERROR][20170225 19:58:38,099][DefaultMessageListenerContainer:937] Could not refresh JMS Connection for destination 'queue://xuxd.edu.mqtest.v1' - retrying using FixedBackOff{interval=5000, currentAttempts=0, maxAttempts=unlimited}. Cause: Connection closed
[INFO ][20170225 19:58:38,100][PooledConnectionFactory$1$1:115] Expiring connection ActiveMQConnection {id=ID:DESKTOP-A98DQ99-50098-1488023887897-1:1,clientId=ID:DESKTOP-A98DQ99-50098-1488023887897-0:1,started=false} on IOException: null
[ERROR][20170225 19:58:43,099][DefaultMessageListenerContainer:937] Could not refresh JMS Connection for destination 'queue://xuxd.edu.mqtest.v1' - retrying using FixedBackOff{interval=5000, currentAttempts=1, maxAttempts=unlimited}. Cause: Connection closed
[ERROR][20170225 19:58:48,100][DefaultMessageListenerContainer:937] Could not refresh JMS Connection for destination 'queue://xuxd.edu.mqtest.v1' - retrying using FixedBackOff{interval=5000, currentAttempts=2, maxAttempts=unlimited}. Cause: Connection closed
[ERROR][20170225 19:58:53,101][DefaultMessageListenerContainer:937] Could not refresh JMS Connection for destination 'queue://xuxd.edu.mqtest.v1' - retrying using FixedBackOff{interval=5000, currentAttempts=3, maxAttempts=unlimited}. Cause: Connection closed
[ERROR][20170225 19:58:58,101][DefaultMessageListenerContainer:937] Could not refresh JMS Connection for destination 'queue://xuxd.edu.mqtest.v1' - retrying using FixedBackOff{interval=5000, currentAttempts=4, maxAttempts=unlimited}. Cause: Connection closed
[ERROR][20170225 19:59:03,102][DefaultMessageListenerContainer:937] Could not refresh JMS Connection for destination 'queue://xuxd.edu.mqtest.v1' - retrying using FixedBackOff{interval=5000, currentAttempts=5, maxAttempts=unlimited}. Cause: Connection closed
[ERROR][20170225 19:59:08,103][DefaultMessageListenerContainer:937] Could not refresh JMS Connection for destination 'queue://xuxd.edu.mqtest.v1' - retrying using FixedBackOff{interval=5000, currentAttempts=6, maxAttempts=unlimited}. Cause: Connection closed
[ERROR][20170225 19:59:13,103][DefaultMessageListenerContainer:937] Could not refresh JMS Connection for destination 'queue://xuxd.edu.mqtest.v1' - retrying using FixedBackOff{interval=5000, currentAttempts=7, maxAttempts=unlimited}. Cause: Connection closed
